c:\users\micka\documents\projet\cpp\openglengine\shadowpbr\x64\debug\vc142.pdb
c:\users\micka\documents\projet\cpp\openglengine\shadowpbr\x64\debug\vc142.idb
c:\users\micka\documents\projet\cpp\openglengine\shadowpbr\x64\debug\main.obj
c:\users\micka\documents\projet\cpp\openglengine\shadowpbr\x64\debug\inputmanager.obj
c:\users\micka\documents\projet\cpp\openglengine\shadowpbr\x64\debug\application.obj
c:\users\micka\documents\projet\cpp\openglengine\shadowpbr\x64\debug\texture.obj
c:\users\micka\documents\projet\cpp\openglengine\shadowpbr\x64\debug\openglcore.obj
c:\users\micka\documents\projet\cpp\openglengine\shadowpbr\x64\debug\mesh.obj
c:\users\micka\documents\projet\cpp\openglengine\shadowpbr\x64\debug\gobject.obj
c:\users\micka\documents\projet\cpp\openglengine\shadowpbr\x64\debug\glshader.obj
c:\users\micka\documents\projet\cpp\openglengine\x64\debug\shadowpbr.pdb
c:\users\micka\documents\projet\cpp\openglengine\shadowpbr\x64\debug\shadowpbr.tlog\cl.command.1.tlog
c:\users\micka\documents\projet\cpp\openglengine\shadowpbr\x64\debug\shadowpbr.tlog\cl.read.1.tlog
c:\users\micka\documents\projet\cpp\openglengine\shadowpbr\x64\debug\shadowpbr.tlog\cl.write.1.tlog
c:\users\micka\documents\projet\cpp\openglengine\shadowpbr\x64\debug\shadowpbr.tlog\link.22672-cvtres.read.1.tlog
c:\users\micka\documents\projet\cpp\openglengine\shadowpbr\x64\debug\shadowpbr.tlog\link.22672-cvtres.write.1.tlog
c:\users\micka\documents\projet\cpp\openglengine\shadowpbr\x64\debug\shadowpbr.tlog\link.22672-rc.read.1.tlog
c:\users\micka\documents\projet\cpp\openglengine\shadowpbr\x64\debug\shadowpbr.tlog\link.22672-rc.write.1.tlog
c:\users\micka\documents\projet\cpp\openglengine\shadowpbr\x64\debug\shadowpbr.tlog\link.22672.read.1.tlog
c:\users\micka\documents\projet\cpp\openglengine\shadowpbr\x64\debug\shadowpbr.tlog\link.22672.write.1.tlog
c:\users\micka\documents\projet\cpp\openglengine\shadowpbr\x64\debug\shadowpbr.tlog\link.command.1.tlog
c:\users\micka\documents\projet\cpp\openglengine\shadowpbr\x64\debug\shadowpbr.tlog\link.read.1.tlog
c:\users\micka\documents\projet\cpp\openglengine\shadowpbr\x64\debug\shadowpbr.tlog\link.write.1.tlog
